<?xml version="1.0" encoding="UTF-8"?>
<!-- Generated by org.testng.reporters.JUnitReportReporter -->
<testsuite hostname="DESKTOP-1E2J2TQ" failures="0" tests="4" name="tests.Test2" time="0.016" errors="0" timestamp="2022-02-17T14:18:29 IST" skipped="0">
  <testcase classname="tests.Test2" name="testC" time="0.002"/>
  <system-out/>
  <testcase classname="tests.Test2" name="testA" time="0.009"/>
  <system-out/>
  <testcase classname="tests.Test2" name="testB" time="0.003"/>
  <system-out/>
  <testcase classname="tests.Test2" name="testB" time="0.002"/>
  <system-out/>
</testsuite> <!-- tests.Test2 -->
