<?xml version="1.0" encoding="UTF-8"?>
<!-- Generated by org.testng.reporters.JUnitReportReporter -->
<testsuite hostname="DESKTOP-1E2J2TQ" failures="0" tests="3" name="tests.Test3" time="0.040" errors="0" timestamp="2022-02-17T14:18:29 IST" skipped="0">
  <testcase classname="tests.Test3" name="testD" time="0.009"/>
  <system-out/>
  <testcase classname="tests.Test3" name="testF" time="0.001"/>
  <system-out/>
  <testcase classname="tests.Test3" name="testE" time="0.030"/>
  <system-out/>
</testsuite> <!-- tests.Test3 -->
